<?xml version="1.0" encoding="UTF-8" ?>
<testsuites>
 <testsuite name="App" timestamp="2017-08-01T19:04:59" hostname="localhost" time="0.006" errors="0" tests="2" skipped="0" disabled="0" failures="2">
  <testcase classname="App" name="should log a message on startup" time="0.004">
   <failure type="exception" message="ReferenceError: app is not defined"><![CDATA[ReferenceError: app is not defined
    at UserContext.<anonymous> (C:\Users\master\desktop\ERIC_HOMEWORK\Course-Assets\frontend-tooling\spec\app\appSpec.js:7:5)
    at attempt (C:\Users\master\desktop\ERIC_HOMEWORK\Course-Assets\frontend-tooling\node_modules\jasmine\node_modules\jasmine-core\lib\jasmine-core\jasmine.js:4063:46)
    at QueueRunner.run (C:\Users\master\desktop\ERIC_HOMEWORK\Course-Assets\frontend-tooling\node_modules\jasmine\node_modules\jasmine-core\lib\jasmine-core\jasmine.js:3991:20)
    at QueueRunner.execute (C:\Users\master\desktop\ERIC_HOMEWORK\Course-Assets\frontend-tooling\node_modules\jasmine\node_modules\jasmine-core\lib\jasmine-core\jasmine.js:3973:10)
    at Spec.queueRunnerFactory (C:\Users\master\desktop\ERIC_HOMEWORK\Course-Assets\frontend-tooling\node_modules\jasmine\node_modules\jasmine-core\lib\jasmine-core\jasmine.js:828:35)
    at Spec.execute (C:\Users\master\desktop\ERIC_HOMEWORK\Course-Assets\frontend-tooling\node_modules\jasmine\node_modules\jasmine-core\lib\jasmine-core\jasmine.js:489:10)
    at UserContext.fn (C:\Users\master\desktop\ERIC_HOMEWORK\Course-Assets\frontend-tooling\node_modules\jasmine\node_modules\jasmine-core\lib\jasmine-core\jasmine.js:5096:37)
    at attempt (C:\Users\master\desktop\ERIC_HOMEWORK\Course-Assets\frontend-tooling\node_modules\jasmine\node_modules\jasmine-core\lib\jasmine-core\jasmine.js:4071:26)
    at QueueRunner.run (C:\Users\master\desktop\ERIC_HOMEWORK\Course-Assets\frontend-tooling\node_modules\jasmine\node_modules\jasmine-core\lib\jasmine-core\jasmine.js:3991:20)
    at QueueRunner.execute (C:\Users\master\desktop\ERIC_HOMEWORK\Course-Assets\frontend-tooling\node_modules\jasmine\node_modules\jasmine-core\lib\jasmine-core\jasmine.js:3973:10)]]>
   </failure>
  </testcase>
  <testcase classname="App" name="should log a message on shutdown" time="0">
   <failure type="exception" message="ReferenceError: app is not defined"><![CDATA[ReferenceError: app is not defined
    at UserContext.<anonymous> (C:\Users\master\desktop\ERIC_HOMEWORK\Course-Assets\frontend-tooling\spec\app\appSpec.js:12:5)
    at attempt (C:\Users\master\desktop\ERIC_HOMEWORK\Course-Assets\frontend-tooling\node_modules\jasmine\node_modules\jasmine-core\lib\jasmine-core\jasmine.js:4063:46)
    at QueueRunner.run (C:\Users\master\desktop\ERIC_HOMEWORK\Course-Assets\frontend-tooling\node_modules\jasmine\node_modules\jasmine-core\lib\jasmine-core\jasmine.js:3991:20)
    at QueueRunner.execute (C:\Users\master\desktop\ERIC_HOMEWORK\Course-Assets\frontend-tooling\node_modules\jasmine\node_modules\jasmine-core\lib\jasmine-core\jasmine.js:3973:10)
    at Spec.queueRunnerFactory (C:\Users\master\desktop\ERIC_HOMEWORK\Course-Assets\frontend-tooling\node_modules\jasmine\node_modules\jasmine-core\lib\jasmine-core\jasmine.js:828:35)
    at Spec.execute (C:\Users\master\desktop\ERIC_HOMEWORK\Course-Assets\frontend-tooling\node_modules\jasmine\node_modules\jasmine-core\lib\jasmine-core\jasmine.js:489:10)
    at UserContext.fn (C:\Users\master\desktop\ERIC_HOMEWORK\Course-Assets\frontend-tooling\node_modules\jasmine\node_modules\jasmine-core\lib\jasmine-core\jasmine.js:5096:37)
    at attempt (C:\Users\master\desktop\ERIC_HOMEWORK\Course-Assets\frontend-tooling\node_modules\jasmine\node_modules\jasmine-core\lib\jasmine-core\jasmine.js:4071:26)
    at QueueRunner.run (C:\Users\master\desktop\ERIC_HOMEWORK\Course-Assets\frontend-tooling\node_modules\jasmine\node_modules\jasmine-core\lib\jasmine-core\jasmine.js:3991:20)
    at runNext (C:\Users\master\desktop\ERIC_HOMEWORK\Course-Assets\frontend-tooling\node_modules\jasmine\node_modules\jasmine-core\lib\jasmine-core\jasmine.js:4031:20)]]>
   </failure>
  </testcase>
 </testsuite>
</testsuites>